Real_Time_Situation (
   Generation_Tool    => "MAST Schedulability Analysis, version 1.5.1.0",
   Generation_Profile => "F:\UNIPD\1st year\2nd sem\Real-time systems and kernels\Project\MAST\mast-1-5-1-0\mast_analysis.exe offset_based_approx_w_pr -s F:\UNIPD\1st year\2nd sem\Real-time systems and kernels\Project\MAST\RUST_GEE_MAST\rust_gee_independent.txt F:\UNIPD\1st year\2nd sem\Real-time systems and kernels\Project\MAST\RUST_GEE_MAST\rust_gee_independent.out",
   Generation_Date    => 2024-11-06T17:10:50,
   Results            => 
       ((Type   => Slack,
         Value  => 0.390625%)));

Transaction (
   Name     => rp_transaction,
   Results  => 
       ((Type   => Slack,
         Value  => 0.781250%),
        (Type                          => Timing_Result,
         Event_Name                    => o1,
         Num_Of_Suspensions            => 0,
         Worst_Blocking_Time           => 1.000E-06,
         Worst_Global_Response_Times   => 
            ((Referenced_Event => e1,
              Time_Value       => 0.493328)),
         Best_Global_Response_Times    => 
            ((Referenced_Event => e1,
              Time_Value       => 0.493180)),
         Jitters                       => 
            ((Referenced_Event => e1,
              Time_Value       => 1.481E-04)))));

Transaction (
   Name     => on_call_producer,
   Results  => 
       ((Type   => Slack,
         Value  => 1.17%),
        (Type                          => Timing_Result,
         Event_Name                    => ocp_o1,
         Num_Of_Suspensions            => 0,
         Worst_Blocking_Time           => 1.000E-06,
         Worst_Global_Response_Times   => 
            ((Referenced_Event => ocp_e1,
              Time_Value       => 0.793168)),
         Best_Global_Response_Times    => 
            ((Referenced_Event => ocp_e1,
              Time_Value       => 0.299794)),
         Jitters                       => 
            ((Referenced_Event => ocp_e1,
              Time_Value       => 0.493374)))));

Transaction (
   Name     => activation_log_reader,
   Results  => 
       ((Type   => Slack,
         Value  => 1.95%),
        (Type                          => Timing_Result,
         Event_Name                    => alr_o1,
         Num_Of_Suspensions            => 0,
         Worst_Blocking_Time           => 0.000,
         Worst_Global_Response_Times   => 
            ((Referenced_Event => alr_e1,
              Time_Value       => 0.995952)),
         Best_Global_Response_Times    => 
            ((Referenced_Event => alr_e1,
              Time_Value       => 0.202735)),
         Jitters                       => 
            ((Referenced_Event => alr_e1,
              Time_Value       => 0.793217)))));

Transaction (
   Name     => external_event_server,
   Results  => 
       ((Type   => Slack,
         Value  => 8791.0%),
        (Type                          => Timing_Result,
         Event_Name                    => ees_o1,
         Num_Of_Suspensions            => 0,
         Worst_Blocking_Time           => 1.000E-06,
         Worst_Global_Response_Times   => 
            ((Referenced_Event => ees_e1,
              Time_Value       => 9.400E-05)),
         Best_Global_Response_Times    => 
            ((Referenced_Event => ees_e1,
              Time_Value       => 4.300E-05)),
         Jitters                       => 
            ((Referenced_Event => ees_e1,
              Time_Value       => 5.100E-05)))));

Processing_Resource (
   Name     => esp32c3,
   Results  => 
       ((Type   => Slack,
         Value  => 0.783430%),
        (Type   => Utilization,
         Total  => 66.08%)));

